[backblue.gif]
[fade.gif]
[index.html]
[pagead2.googlesyndication.com/pagead/js/f55ce.txt]
[farm4.static.flickr.com/3085/3696756949_e0e201813c_o.jpg]
[www.themostamazingwebsiteontheinternet.com/justcantgetenough.mp3]
[cdn.howtogobroke.com/imgs/logo.gif]
[pagead2.googlesyndication.com/pagead/f.txt]
[farm4.static.flickr.com/3474/3696757227_0b1b19597b_o.gif]
[farm3.static.flickr.com/2466/3696756981_7c94065bbc_o.gif]
[farm4.static.flickr.com/3430/3696756991_ba7b154e6c_o.png]
[farm4.static.flickr.com/3618/3697567056_45ae16f677_o.gif]
[farm3.static.flickr.com/2514/3697567176_e539814357_o.gif]
[farm3.static.flickr.com/2651/3697567004_a91ebf1dd9_o.gif]
[farm4.static.flickr.com/3655/3697567160_5d8fc857b5_o.jpg]
[farm3.static.flickr.com/2459/3696757035_a8f1c93dd8_o.jpg]
[farm4.static.flickr.com/3601/3696757041_b7d66efa60_o.jpg]
[farm4.static.flickr.com/3484/3696757249_d353f90a53_o.gif]
[farm3.static.flickr.com/2434/3696757049_678af4cd40_o.jpg]
[farm4.static.flickr.com/3427/3697566974_100e0f9935_o.jpg]
[farm4.static.flickr.com/3581/3697566988_85d40c1674_o.jpg]
[farm3.static.flickr.com/2673/3697567218_0743136867_o.gif]
[farm3.static.flickr.com/2464/3697567010_6ec9371123_o.gif]
[farm3.static.flickr.com/2423/3700096523_05257f9651_o.gif]
[farm3.static.flickr.com/2634/3697567018_e02bac7abc_o.gif]
[example.com/dowdfge.2a.delayed]
[farm3.static.flickr.com/2548/3697567024_2ba90e4745_o.png]
[farm4.static.flickr.com/3051/3697567230_663c88d816_o.gif]
[farm3.static.flickr.com/2529/3697567046_d292d3041e_o.jpg]
[farm4.static.flickr.com/3463/3697567246_c1131e9c11_o.jpg]
[www.themostamazingwebsiteontheinternet.com/yeah.gif]
[www.themostamazingwebsiteontheinternet.com/yeah1.gif]
[farm4.static.flickr.com/3491/3696757145_989a4b6b7c_o.png]
[farm4.static.flickr.com/3556/3697567084_e779c4aa14_o.jpg]
[farm3.static.flickr.com/2600/3697567136_f1019901d6_o.gif]
[farm3.static.flickr.com/2422/3697567114_cbc1af930a_o.png]
[farm3.static.flickr.com/2428/3697567130_6f8657d051_o.png]
[farm3.static.flickr.com/2612/3697567360_fda988095b_o.jpg]
[farm3.static.flickr.com/2485/3696757433_73c450ee71_o.jpg]
[farm3.static.flickr.com/2494/3697567342_83d0f81faf_o.jpg]
[farm4.static.flickr.com/3664/3696757381_da57dc8449_o.jpg]
[farm3.static.flickr.com/2628/3697567134_826aabb296_o.gif]
[farm4.static.flickr.com/3534/3696757373_22e9882d8b_o.jpg]
[farm3.static.flickr.com/2649/3696757361_2a3862e188_o.jpg]
[farm3.static.flickr.com/2519/3696757303_ca79b0e409_o.jpg]
[www.paypalobjects.com/en_US/i/btn/btn_donateCC_LG.gif]
[www.paypalobjects.com/en_US/i/scr/pixel.gif]
[farm3.static.flickr.com/2467/3700906760_cf77c1f2f4_o.gif]
[farm3.static.flickr.com/2585/3706895228_58d8b5e99f_o.jpg]
[farm4.static.flickr.com/3498/3706895242_0c4b5a93de_o.jpg]
[www.themostamazingwebsiteontheinternet.com/index.html]
[example.com/dowdfge.html]
[www.freefever.com/animatedgifs/animated/gsdfn2.gif]
[www.freefever.com/animatedgifs/animated/gunsdf2.gif]
